
2012-08-03 18:31:28 Notice: Notice (8): Undefined variable: replSpacesUpload in [/home/cakeprojects/arcade/app/webroot/tools/filemanager/template.inc.php, line 164]
Trace:
include_once - APP/webroot/tools/filemanager/template.inc.php, line 164
FileManager::create() - APP/webroot/tools/filemanager/class/FileManager.php, line 271
include - APP/View/Filemanagers/index.ctp, line 7
View::_evaluate() - CORE/Cake/View/View.php, line 908
View::_render() - CORE/Cake/View/View.php, line 872
View::render() - CORE/Cake/View/View.php, line 463
Controller::render() - CORE/Cake/Controller/Controller.php, line 959
Dispatcher::_invoke() - CORE/Cake/Routing/Dispatcher.php, line 110
Dispatcher::dispatch() - CORE/Cake/Routing/Dispatcher.php, line 85
[main] - APP/webroot/index.php, line 96

2012-08-03 18:31:28 Notice: Notice (8): Undefined variable: lowerCaseUpload in [/home/cakeprojects/arcade/app/webroot/tools/filemanager/template.inc.php, line 166]
Trace:
include_once - APP/webroot/tools/filemanager/template.inc.php, line 166
FileManager::create() - APP/webroot/tools/filemanager/class/FileManager.php, line 271
include - APP/View/Filemanagers/index.ctp, line 7
View::_evaluate() - CORE/Cake/View/View.php, line 908
View::_render() - CORE/Cake/View/View.php, line 872
View::render() - CORE/Cake/View/View.php, line 463
Controller::render() - CORE/Cake/Controller/Controller.php, line 959
Dispatcher::_invoke() - CORE/Cake/Routing/Dispatcher.php, line 110
Dispatcher::dispatch() - CORE/Cake/Routing/Dispatcher.php, line 85
[main] - APP/webroot/index.php, line 96

2012-08-03 18:31:28 Notice: Notice (8): Undefined variable: replSpacesUpload in [/home/cakeprojects/arcade/app/webroot/tools/filemanager/template.inc.php, line 193]
Trace:
include_once - APP/webroot/tools/filemanager/template.inc.php, line 193
FileManager::create() - APP/webroot/tools/filemanager/class/FileManager.php, line 271
include - APP/View/Filemanagers/index.ctp, line 7
View::_evaluate() - CORE/Cake/View/View.php, line 908
View::_render() - CORE/Cake/View/View.php, line 872
View::render() - CORE/Cake/View/View.php, line 463
Controller::render() - CORE/Cake/Controller/Controller.php, line 959
Dispatcher::_invoke() - CORE/Cake/Routing/Dispatcher.php, line 110
Dispatcher::dispatch() - CORE/Cake/Routing/Dispatcher.php, line 85
[main] - APP/webroot/index.php, line 96

2012-08-03 18:31:28 Notice: Notice (8): Undefined variable: lowerCaseUpload in [/home/cakeprojects/arcade/app/webroot/tools/filemanager/template.inc.php, line 195]
Trace:
include_once - APP/webroot/tools/filemanager/template.inc.php, line 195
FileManager::create() - APP/webroot/tools/filemanager/class/FileManager.php, line 271
include - APP/View/Filemanagers/index.ctp, line 7
View::_evaluate() - CORE/Cake/View/View.php, line 908
View::_render() - CORE/Cake/View/View.php, line 872
View::render() - CORE/Cake/View/View.php, line 463
Controller::render() - CORE/Cake/Controller/Controller.php, line 959
Dispatcher::_invoke() - CORE/Cake/Routing/Dispatcher.php, line 110
Dispatcher::dispatch() - CORE/Cake/Routing/Dispatcher.php, line 85
[main] - APP/webroot/index.php, line 96

2012-08-03 18:31:28 Notice: Notice (8): Undefined variable: replSpacesUpload in [/home/cakeprojects/arcade/app/webroot/tools/filemanager/template.inc.php, line 246]
Trace:
include_once - APP/webroot/tools/filemanager/template.inc.php, line 246
FileManager::create() - APP/webroot/tools/filemanager/class/FileManager.php, line 271
include - APP/View/Filemanagers/index.ctp, line 7
View::_evaluate() - CORE/Cake/View/View.php, line 908
View::_render() - CORE/Cake/View/View.php, line 872
View::render() - CORE/Cake/View/View.php, line 463
Controller::render() - CORE/Cake/Controller/Controller.php, line 959
Dispatcher::_invoke() - CORE/Cake/Routing/Dispatcher.php, line 110
Dispatcher::dispatch() - CORE/Cake/Routing/Dispatcher.php, line 85
[main] - APP/webroot/index.php, line 96

2012-08-03 18:31:28 Notice: Notice (8): Undefined variable: lowerCaseUpload in [/home/cakeprojects/arcade/app/webroot/tools/filemanager/template.inc.php, line 248]
Trace:
include_once - APP/webroot/tools/filemanager/template.inc.php, line 248
FileManager::create() - APP/webroot/tools/filemanager/class/FileManager.php, line 271
include - APP/View/Filemanagers/index.ctp, line 7
View::_evaluate() - CORE/Cake/View/View.php, line 908
View::_render() - CORE/Cake/View/View.php, line 872
View::render() - CORE/Cake/View/View.php, line 463
Controller::render() - CORE/Cake/Controller/Controller.php, line 959
Dispatcher::_invoke() - CORE/Cake/Routing/Dispatcher.php, line 110
Dispatcher::dispatch() - CORE/Cake/Routing/Dispatcher.php, line 85
[main] - APP/webroot/index.php, line 96

2012-12-25 23:47:20 Notice: Notice (8): Undefined variable: pdf in [/home/cakeprojects/amparo_app/app/View/Vouchers/imprimir_voucher.ctp, line 21]
Trace:
include - APP/View/Vouchers/imprimir_voucher.ctp, line 21
View::_evaluate() - CORE/Cake/View/View.php, line 908
View::_render() - CORE/Cake/View/View.php, line 872
View::render() - CORE/Cake/View/View.php, line 463
Controller::render() - CORE/Cake/Controller/Controller.php, line 959
Dispatcher::_invoke() - CORE/Cake/Routing/Dispatcher.php, line 110
Dispatcher::dispatch() - CORE/Cake/Routing/Dispatcher.php, line 85
[main] - APP/webroot/index.php, line 96

2012-12-25 23:47:37 Notice: Notice (8): Undefined variable: pdf in [/home/cakeprojects/amparo_app/app/View/Vouchers/imprimir_voucher.ctp, line 21]
Trace:
include - APP/View/Vouchers/imprimir_voucher.ctp, line 21
View::_evaluate() - CORE/Cake/View/View.php, line 908
View::_render() - CORE/Cake/View/View.php, line 872
View::render() - CORE/Cake/View/View.php, line 463
Controller::render() - CORE/Cake/Controller/Controller.php, line 959
Dispatcher::_invoke() - CORE/Cake/Routing/Dispatcher.php, line 110
Dispatcher::dispatch() - CORE/Cake/Routing/Dispatcher.php, line 85
[main] - APP/webroot/index.php, line 96

2012-12-26 20:13:36 Notice: Notice (8): Undefined index: timesiI in [/home/cakeprojects/amparo_app/app/Vendor/tcpdf/tcpdf.php, line 5276]
Trace:
TCPDF::AddFont() - APP/Vendor/tcpdf/tcpdf.php, line 5276
TCPDF::SetFont() - APP/Vendor/tcpdf/tcpdf.php, line 5393
include - APP/View/Vouchers/imprimir_voucher.ctp, line 19
View::_evaluate() - CORE/Cake/View/View.php, line 908
View::_render() - CORE/Cake/View/View.php, line 872
View::render() - CORE/Cake/View/View.php, line 463
Controller::render() - CORE/Cake/Controller/Controller.php, line 959
Dispatcher::_invoke() - CORE/Cake/Routing/Dispatcher.php, line 110
Dispatcher::dispatch() - CORE/Cake/Routing/Dispatcher.php, line 85
[main] - APP/webroot/index.php, line 96

2012-12-26 20:13:36 Notice: Notice (8): Undefined index: timesi in [/home/cakeprojects/amparo_app/app/Vendor/tcpdf/tcpdf.php, line 5276]
Trace:
TCPDF::AddFont() - APP/Vendor/tcpdf/tcpdf.php, line 5276
TCPDF::getFontAscent() - APP/Vendor/tcpdf/tcpdf.php, line 5536
TCPDF::writeHTML() - APP/Vendor/tcpdf/tcpdf.php, line 22612
TCPDF::MultiCell() - APP/Vendor/tcpdf/tcpdf.php, line 6780
TCPDF::writeHTML() - APP/Vendor/tcpdf/tcpdf.php, line 23367
TCPDF::MultiCell() - APP/Vendor/tcpdf/tcpdf.php, line 6780
TCPDF::writeHTML() - APP/Vendor/tcpdf/tcpdf.php, line 23367
include - APP/View/Vouchers/imprimir_voucher.ctp, line 21
View::_evaluate() - CORE/Cake/View/View.php, line 908
View::_render() - CORE/Cake/View/View.php, line 872
View::render() - CORE/Cake/View/View.php, line 463
Controller::render() - CORE/Cake/Controller/Controller.php, line 959
Dispatcher::_invoke() - CORE/Cake/Routing/Dispatcher.php, line 110
Dispatcher::dispatch() - CORE/Cake/Routing/Dispatcher.php, line 85
[main] - APP/webroot/index.php, line 96

2012-12-26 20:13:36 Notice: Notice (8): Undefined index: timesiBI in [/home/cakeprojects/amparo_app/app/Vendor/tcpdf/tcpdf.php, line 5276]
Trace:
TCPDF::AddFont() - APP/Vendor/tcpdf/tcpdf.php, line 5276
TCPDF::getFontAscent() - APP/Vendor/tcpdf/tcpdf.php, line 5536
TCPDF::writeHTML() - APP/Vendor/tcpdf/tcpdf.php, line 22612
TCPDF::MultiCell() - APP/Vendor/tcpdf/tcpdf.php, line 6780
TCPDF::writeHTML() - APP/Vendor/tcpdf/tcpdf.php, line 23367
TCPDF::MultiCell() - APP/Vendor/tcpdf/tcpdf.php, line 6780
TCPDF::writeHTML() - APP/Vendor/tcpdf/tcpdf.php, line 23367
TCPDF::MultiCell() - APP/Vendor/tcpdf/tcpdf.php, line 6780
TCPDF::writeHTML() - APP/Vendor/tcpdf/tcpdf.php, line 23367
include - APP/View/Vouchers/imprimir_voucher.ctp, line 21
View::_evaluate() - CORE/Cake/View/View.php, line 908
View::_render() - CORE/Cake/View/View.php, line 872
View::render() - CORE/Cake/View/View.php, line 463
Controller::render() - CORE/Cake/Controller/Controller.php, line 959
Dispatcher::_invoke() - CORE/Cake/Routing/Dispatcher.php, line 110
Dispatcher::dispatch() - CORE/Cake/Routing/Dispatcher.php, line 85
[main] - APP/webroot/index.php, line 96

